<?xml version="1.0" encoding="UTF-8"?>
<testng-results skipped="0" failed="0" ignored="0" total="1" passed="1">
  <reporter-output>
  </reporter-output>
  <suite name="SimpleTest" duration-ms="3897" started-at="2020-11-08T03:37:57 GMT" finished-at="2020-11-08T03:38:01 GMT">
    <groups>
    </groups>
    <test name="Command line test" duration-ms="3897" started-at="2020-11-08T03:37:57 GMT" finished-at="2020-11-08T03:38:01 GMT">
      <class name="SimpleTest">
        <test-method status="PASS" signature="start()[pri:0, instance:SimpleTest@3a445672]" name="start" is-config="true" duration-ms="2009" started-at="2020-11-08T03:37:57 GMT" finished-at="2020-11-08T03:37:59 GMT">
          <reporter-output>
          </reporter-output>
        </test-method> <!-- start -->
        <test-method status="PASS" signature="simpleTest()[pri:0, instance:SimpleTest@3a445672]" name="simpleTest" duration-ms="1704" started-at="2020-11-08T03:37:59 GMT" finished-at="2020-11-08T03:38:01 GMT">
          <reporter-output>
          </reporter-output>
        </test-method> <!-- simpleTest -->
        <test-method status="PASS" signature="closeSeleniumSession()[pri:0, instance:SimpleTest@3a445672]" name="closeSeleniumSession" is-config="true" duration-ms="79" started-at="2020-11-08T03:38:01 GMT" finished-at="2020-11-08T03:38:01 GMT">
          <reporter-output>
          </reporter-output>
        </test-method> <!-- closeSeleniumSession -->
      </class> <!-- SimpleTest -->
    </test> <!-- Command line test -->
  </suite> <!-- SimpleTest -->
</testng-results>
